<?xml version="1.0" encoding="UTF-8"?>
<!-- Generated by org.testng.reporters.JUnitXMLReporter -->
<testsuite hostname="DESKTOP-2DC4B1N" failures="0" tests="5" name="Regression" time="0.061" errors="0" timestamp="25 Jul 2022 14:58:29 GMT">
  <testcase classname="testing.VeggiTest" name="Carrot" time="0.015"/>
  <testcase classname="testing.DemoTest" name="Hathi" time="0.004"/>
  <testcase classname="testing.DemoTest" name="khathi" time="0.002"/>
  <testcase classname="testing.VeggiTest" name="Vegetables" time="0.001"/>
  <testcase classname="testing.VeggiTest" name="Tarkari" time="0.004"/>
</testsuite> <!-- Regression -->
