<?xml version="1.0" encoding="UTF-8"?>
<!-- Generated by org.testng.reporters.JUnitXMLReporter -->
<testsuite hostname="DESKTOP-2DC4B1N" failures="0" tests="4" name="Regression" time="0.06" errors="0" timestamp="18 Jul 2022 15:48:27 GMT">
  <testcase classname="testing.VeggiTest" name="Tarkari" time="0.012"/>
  <testcase classname="testing.VeggiTest" name="Vegetables" time="0.008"/>
  <testcase classname="testing.DemoTest" name="Hathi" time="0.002"/>
  <testcase classname="testing.DemoTest" name="khathi" time="0.002"/>
</testsuite> <!-- Regression -->
