<?xml version="1.0" encoding="UTF-8"?>
<testng-results total="2" passed="2" failed="0" skipped="0">
  <reporter-output>
  </reporter-output>
  <suite started-at="2022-07-22T02:28:24Z" name="Default suite" finished-at="2022-07-22T02:28:24Z" duration-ms="40">
    <groups>
    </groups>
    <test started-at="2022-07-22T02:28:24Z" name="Default test" finished-at="2022-07-22T02:28:24Z" duration-ms="40">
      <class name="testing.DemoTest">
        <test-method signature="Hathi()[pri:0, instance:testing.DemoTest@c7045b9]" started-at="2022-07-22T07:58:24Z" name="Hathi" finished-at="2022-07-22T07:58:24Z" duration-ms="12" status="PASS">
          <reporter-output>
          </reporter-output>
        </test-method> <!-- Hathi -->
        <test-method signature="khathi()[pri:0, instance:testing.DemoTest@c7045b9]" started-at="2022-07-22T07:58:24Z" name="khathi" finished-at="2022-07-22T07:58:24Z" duration-ms="2" status="PASS">
          <reporter-output>
          </reporter-output>
        </test-method> <!-- khathi -->
      </class> <!-- testing.DemoTest -->
    </test> <!-- Default test -->
  </suite> <!-- Default suite -->
</testng-results>
