<?xml version="1.0" encoding="UTF-8"?>
<testng-results total="3" passed="3" failed="0" skipped="0">
  <reporter-output>
  </reporter-output>
  <suite started-at="2022-07-19T09:16:07Z" name="Default suite" finished-at="2022-07-19T09:16:07Z" duration-ms="60">
    <groups>
    </groups>
    <test started-at="2022-07-19T09:16:07Z" name="Default test" finished-at="2022-07-19T09:16:07Z" duration-ms="60">
      <class name="testing.QspidersTest">
        <test-method signature="JavaTest()[pri:0, instance:testing.QspidersTest@f99f5e0]" started-at="2022-07-19T14:46:07Z" name="JavaTest" finished-at="2022-07-19T14:46:07Z" duration-ms="15" status="PASS">
          <reporter-output>
          </reporter-output>
        </test-method> <!-- JavaTest -->
        <test-method signature="ManualTest()[pri:0, instance:testing.QspidersTest@f99f5e0]" started-at="2022-07-19T14:46:07Z" name="ManualTest" finished-at="2022-07-19T14:46:07Z" duration-ms="4" status="PASS">
          <reporter-output>
          </reporter-output>
        </test-method> <!-- ManualTest -->
        <test-method signature="SeleniumTest()[pri:0, instance:testing.QspidersTest@f99f5e0]" started-at="2022-07-19T14:46:07Z" name="SeleniumTest" finished-at="2022-07-19T14:46:07Z" duration-ms="2" status="PASS">
          <reporter-output>
          </reporter-output>
        </test-method> <!-- SeleniumTest -->
      </class> <!-- testing.QspidersTest -->
    </test> <!-- Default test -->
  </suite> <!-- Default suite -->
</testng-results>
