<?xml version="1.0" encoding="UTF-8"?>
<!-- Generated by org.testng.reporters.JUnitXMLReporter -->
<testsuite hostname="DESKTOP-2DC4B1N" failures="0" tests="6" name="Thada" time="0.042" errors="0" timestamp="18 Jul 2022 10:52:13 GMT">
  <testcase classname="testing.UdaanTest" name="Hathi" time="0.01"/>
  <testcase classname="testing.UdaanTest" name="khathi" time="0.002"/>
  <testcase classname="testing.PracticeTest" name="cheethaTest" time="0.001"/>
  <testcase classname="testing.PracticeTest" name="tigerTest1" time="0.001"/>
  <testcase classname="testing.PracticeTest" name="elephantTest" time="0.002"/>
  <testcase classname="testing.PracticeTest" name="lionTest" time="0.004"/>
</testsuite> <!-- Thada -->
