<?xml version="1.0" encoding="UTF-8"?>
<!-- Generated by org.testng.reporters.JUnitXMLReporter -->
<testsuite hostname="DESKTOP-2DC4B1N" failures="0" tests="3" name="Default test" time="0.045" errors="0" timestamp="19 Jul 2022 09:28:40 GMT">
  <testcase classname="testing.QspidersTest" name="JavaTest" time="0.015"/>
  <testcase classname="testing.QspidersTest" name="ManualTest" time="0.002"/>
  <testcase classname="testing.QspidersTest" name="SeleniumTest" time="0.002"/>
</testsuite> <!-- Default test -->
